MATLAB is selecting SOFTWARE OPENGL rendering.

                            < M A T L A B (R) >
                  Copyright 1984-2017 The MathWorks, Inc.
                   R2017a (9.2.0.538062) 64-bit (glnxa64)
                             February 23, 2017

 
To get started, type one of these: helpwin, helpdesk, or demo.
For product information, visit www.mathworks.com.
 
    ----------------------------------------------------
	Your MATLAB license will expire in 05 days.
	Please contact your system administrator or
	go to MathWorks.com to renew this license.
    ----------------------------------------------------

	Trial License -- for use to evaluate programs for possible purchase as an end-user only.

Starting parallel pool (parpool) using the 'local' profile ...
connected to 40 workers.
Image: 31
Image: 10
Image: 9
Image: 11
proj dist = 0.019863
Warning: Image is too big to fit on screen; displaying at 50%
> In images.internal.initSize (line 71)
  In imshow (line 328)
  In visualize_result (line 43)
  In parallel_function>make_general_channel/channel_general (line 914)
  In remoteParallelFunction (line 38)
Warning: Image is too big to fit on screen; displaying at 50%
> In images.internal.initSize (line 71)
  In imshow (line 328)
  In visualize_result (line 55)
  In parallel_function>make_general_channel/channel_general (line 914)
  In remoteParallelFunction (line 38)
Warning: Cannot set Renderer to OpenGL on this figure.
> In display_face (line 35)
  In visualize_result (line 109)
  In parallel_function>make_general_channel/channel_general (line 914)
  In remoteParallelFunction (line 38)
Warning: Cannot set Renderer to OpenGL on this figure.
> In display_face (line 35)
Image: 1
proj dist = 0.013
Warning: Image is too big to fit on screen; displaying at 50%
> In images.internal.initSize (line 71)
  In imshow (line 328)
  In visualize_result (line 43)
  In parallel_function>make_general_channel/channel_general (line 914)
  In remoteParallelFunction (line 38)
Warning: Image is too big to fit on screen; displaying at 50%
> In images.internal.initSize (line 71)
  In imshow (line 328)
  In visualize_result (line 55)
  In parallel_function>make_general_channel/channel_general (line 914)
  In remoteParallelFunction (line 38)
Warning: Cannot set Renderer to OpenGL on this figure.
> In display_face (line 35)
Image: 23
Image: 22
Image: 14
proj dist = 0.0084573
Image: 35
Image: 16
Image: 32
Image: 28
Image: 17
Image: 19
proj dist = 0.012481
Image: 36
Image: 15
Image: 6
proj dist = 0.013456
Warning: Image is too big to fit on screen; displaying at 50%
> In images.internal.initSize (line 71)
  In imshow (line 328)
  In visualize_result (line 43)
  In parallel_function>make_general_channel/channel_general (line 914)
  In remoteParallelFunction (line 38)
Warning: Image is too big to fit on screen; displaying at 50%
> In images.internal.initSize (line 71)
  In imshow (line 328)
  In visualize_result (line 55)
  In parallel_function>make_general_channel/channel_general (line 914)
  In remoteParallelFunction (line 38)
Warning: Cannot set Renderer to OpenGL on this figure.
> In display_face (line 35)
  In visualize_result (line 109)
  In parallel_function>make_general_channel/channel_general (line 914)
  In remoteParallelFunction (line 38)
Warning: Cannot set Renderer to OpenGL on this figure.
> In display_face (line 35)
  In visualize_result (line 122)
  In parallel_function>make_general_channel/channel_general (line 914)
  In remoteParallelFunction (line 38)
Warning: Cannot set Renderer to OpenGL on this figure.
> In display_face (line 35)
  In visualize_result (line 128)
  In parallel_function>make_general_channel/channel_general (line 914)
  In remoteParallelFunction (line 38)
Warning: Cannot set Renderer to OpenGL on this figure.
> In display_face (line 35)
Image: 5
proj dist = 0.011445
Warning: Image is too big to fit on screen; displaying at 50%
> In images.internal.initSize (line 71)
  In imshow (line 328)
  In visualize_result (line 43)
  In parallel_function>make_general_channel/channel_general (line 914)
  In remoteParallelFunction (line 38)
Warning: Image is too big to fit on screen; displaying at 50%
> In images.internal.initSize (line 71)
  In imshow (line 328)
  In visualize_result (line 55)
  In parallel_function>make_general_channel/channel_general (line 914)
  In remoteParallelFunction (line 38)
Warning: Cannot set Renderer to OpenGL on this figure.
> In display_face (line 35)
  In visualize_result (line 109)
  In parallel_function>make_general_channel/channel_general (line 914)
  In remoteParallelFunction (line 38)
Warning: Cannot set Renderer to OpenGL on this figure.
> In display_face (line 35)
  In visualize_result (line 122)
  In parallel_function>make_general_channel/channel_general (line 914)
  In remoteParallelFunction (line 38)
Warning: Cannot set Renderer to OpenGL on this figure.
> In display_face (line 35)
  In visualize_result (line 128)
  In parallel_function>make_general_channel/channel_general (line 914)
  In remoteParallelFunction (line 38)
Warning: Cannot set Renderer to OpenGL on this figure.
> In display_face (line 35)
Image: 25
Image: 8
proj dist = 0.018129
Image: 38
Image: 12
Image: 4
proj dist = 0.021201
Warning: Image is too big to fit on screen; displaying at 50%
> In images.internal.initSize (line 71)
  In imshow (line 328)
  In visualize_result (line 43)
  In parallel_function>make_general_channel/channel_general (line 914)
  In remoteParallelFunction (line 38)
Warning: Image is too big to fit on screen; displaying at 50%
> In images.internal.initSize (line 71)
  In imshow (line 328)
  In visualize_result (line 55)
  In parallel_function>make_general_channel/channel_general (line 914)
  In remoteParallelFunction (line 38)
Warning: Cannot set Renderer to OpenGL on this figure.
> In display_face (line 35)
  In visualize_result (line 109)
  In parallel_function>make_general_channel/channel_general (line 914)
  In remoteParallelFunction (line 38)
Warning: Cannot set Renderer to OpenGL on this figure.
> In display_face (line 35)
  In visualize_result (line 122)
  In parallel_function>make_general_channel/channel_general (line 914)
  In remoteParallelFunction (line 38)
Warning: Cannot set Renderer to OpenGL on this figure.
> In display_face (line 35)
  In visualize_result (line 128)
  In parallel_function>make_general_channel/channel_general (line 914)
  In remoteParallelFunction (line 38)
Warning: Cannot set Renderer to OpenGL on this figure.
> In display_face (line 35)
Image: 3
proj dist = 0.02657
Warning: Image is too big to fit on screen; displaying at 50%
> In images.internal.initSize (line 71)
  In imshow (line 328)
  In visualize_result (line 43)
  In parallel_function>make_general_channel/channel_general (line 914)
  In remoteParallelFunction (line 38)
Warning: Image is too big to fit on screen; displaying at 50%
> In images.internal.initSize (line 71)
  In imshow (line 328)
  In visualize_result (line 55)
  In parallel_function>make_general_channel/channel_general (line 914)
  In remoteParallelFunction (line 38)
Warning: Cannot set Renderer to OpenGL on this figure.
> In display_face (line 35)
  In visualize_result (line 109)
  In parallel_function>make_general_channel/channel_general (line 914)
  In remoteParallelFunction (line 38)
Warning: Cannot set Renderer to OpenGL on this figure.
> In display_face (line 35)
  In visualize_result (line 122)
  In parallel_function>make_general_channel/channel_general (line 914)
  In remoteParallelFunction (line 38)
Warning: Cannot set Renderer to OpenGL on this figure.
> In display_face (line 35)
  In visualize_result (line 128)
  In parallel_function>make_general_channel/channel_general (line 914)
  In remoteParallelFunction (line 38)
Warning: Cannot set Renderer to OpenGL on this figure.
> In display_face (line 35)
Image: 34
Image: 24
Image: 13
Image: 2
Image: 21
proj dist = 0.011907
Image: 29
Image: 27
Image: 7
Image: 20
Image: 26
Image: 33
Image: 18
Image: 30
proj dist = 0.014174
Image: 37
proj dist = 0.014745
Warning: Image is too big to fit on screen; displaying at 50%
> In images.internal.initSize (line 71)
proj dist = 0.010038
proj dist = 0.0080925
proj dist = 0.012217
Warning: Image is too big to fit on screen; displaying at 50%
> In images.internal.initSize (line 71)
Image: 39
  In imshow (line 328)
  In visualize_result (line 43)
  In parallel_function>make_general_channel/channel_general (line 914)
  In remoteParallelFunction (line 38)
Warning: Image is too big to fit on screen; displaying at 50%
> In images.internal.initSize (line 71)
  In imshow (line 328)
  In visualize_result (line 55)
  In parallel_function>make_general_channel/channel_general (line 914)
  In remoteParallelFunction (line 38)
Warning: Cannot set Renderer to OpenGL on this figure.
> In display_face (line 35)
proj dist = 0.012223
  In visualize_result (line 109)
  In parallel_function>make_general_channel/channel_general (line 914)
  In remoteParallelFunction (line 38)
Warning: Cannot set Renderer to OpenGL on this figure.
> In display_face (line 35)
  In visualize_result (line 122)
  In parallel_function>make_general_channel/channel_general (line 914)
  In remoteParallelFunction (line 38)
Warning: Cannot set Renderer to OpenGL on this figure.
> In display_face (line 35)
  In visualize_result (line 128)
  In parallel_function>make_general_channel/channel_general (line 914)
  In remoteParallelFunction (line 38)
Warning: Cannot set Renderer to OpenGL on this figure.
> In display_face (line 35)
Warning: Image is too big to fit on screen; displaying at 50%
> In images.internal.initSize (line 71)
  In imshow (line 328)
  In visualize_result (line 43)
  In parallel_function>make_general_channel/channel_general (line 914)
  In remoteParallelFunction (line 38)
Warning: Image is too big to fit on screen; displaying at 50%
> In images.internal.initSize (line 71)
  In imshow (line 328)
  In visualize_result (line 55)
  In parallel_function>make_general_channel/channel_general (line 914)
  In remoteParallelFunction (line 38)
Warning: Cannot set Renderer to OpenGL on this figure.
> In display_face (line 35)
Image: 40
Warning: Image is too big to fit on screen; displaying at 50%
> In images.internal.initSize (line 71)
  In imshow (line 328)
  In visualize_result (line 43)
  In parallel_function>make_general_channel/channel_general (line 914)
  In remoteParallelFunction (line 38)
Warning: Image is too big to fit on screen; displaying at 50%
> In images.internal.initSize (line 71)
  In imshow (line 328)
  In visualize_result (line 55)
  In parallel_function>make_general_channel/channel_general (line 914)
  In remoteParallelFunction (line 38)
Warning: Cannot set Renderer to OpenGL on this figure.
> In display_face (line 35)
Warning: Image is too big to fit on screen; displaying at 50%
> In images.internal.initSize (line 71)
  In visualize_result (line 109)
  In parallel_function>make_general_channel/channel_general (line 914)
  In remoteParallelFunction (line 38)
Warning: Cannot set Renderer to OpenGL on this figure.
> In display_face (line 35)
proj dist = 0.014027
proj dist = 0.022989
  In imshow (line 328)
  In visualize_result (line 43)
  In parallel_function>make_general_channel/channel_general (line 914)
  In remoteParallelFunction (line 38)
Warning: Image is too big to fit on screen; displaying at 50%
> In images.internal.initSize (line 71)
  In imshow (line 328)
  In visualize_result (line 55)
  In parallel_function>make_general_channel/channel_general (line 914)
  In remoteParallelFunction (line 38)
Warning: Cannot set Renderer to OpenGL on this figure.
> In display_face (line 35)
Warning: Image is too big to fit on screen; displaying at 50%
> In images.internal.initSize (line 71)
  In visualize_result (line 109)
  In parallel_function>make_general_channel/channel_general (line 914)
  In remoteParallelFunction (line 38)
Warning: Cannot set Renderer to OpenGL on this figure.
> In display_face (line 35)
  In visualize_result (line 122)
  In parallel_function>make_general_channel/channel_general (line 914)
  In remoteParallelFunction (line 38)
Warning: Cannot set Renderer to OpenGL on this figure.
> In display_face (line 35)
  In visualize_result (line 128)
  In parallel_function>make_general_channel/channel_general (line 914)
  In remoteParallelFunction (line 38)
Warning: Cannot set Renderer to OpenGL on this figure.
> In display_face (line 35)
  In visualize_result (line 135)
  In parallel_function>make_general_channel/channel_general (line 914)
  In remoteParallelFunction (line 38)
Warning: Image is too big to fit on screen; displaying at 50%
> In images.internal.initSize (line 71)
  In visualize_result (line 135)
  In parallel_function>make_general_channel/channel_general (line 914)
  In remoteParallelFunction (line 38)
  In visualize_result (line 135)
  In parallel_function>make_general_channel/channel_general (line 914)
  In remoteParallelFunction (line 38)
  In imshow (line 328)
  In visualize_result (line 43)
  In parallel_function>make_general_channel/channel_general (line 914)
  In remoteParallelFunction (line 38)
Warning: Image is too big to fit on screen; displaying at 50%
> In images.internal.initSize (line 71)
  In imshow (line 328)
  In visualize_result (line 55)
  In parallel_function>make_general_channel/channel_general (line 914)
  In remoteParallelFunction (line 38)
Warning: Cannot set Renderer to OpenGL on this figure.
> In display_face (line 35)
Warning: Image is too big to fit on screen; displaying at 50%
> In images.internal.initSize (line 71)
Warning: Image is too big to fit on screen; displaying at 50%
> In images.internal.initSize (line 71)
proj dist = 0.016914
  In visualize_result (line 109)
  In parallel_function>make_general_channel/channel_general (line 914)
  In remoteParallelFunction (line 38)
Warning: Cannot set Renderer to OpenGL on this figure.
> In display_face (line 35)
  In visualize_result (line 122)
  In parallel_function>make_general_channel/channel_general (line 914)
  In remoteParallelFunction (line 38)
Warning: Cannot set Renderer to OpenGL on this figure.
> In display_face (line 35)
  In visualize_result (line 128)
  In parallel_function>make_general_channel/channel_general (line 914)
  In remoteParallelFunction (line 38)
Warning: Cannot set Renderer to OpenGL on this figure.
> In display_face (line 35)
  In imshow (line 328)
  In visualize_result (line 43)
  In parallel_function>make_general_channel/channel_general (line 914)
  In remoteParallelFunction (line 38)
Warning: Image is too big to fit on screen; displaying at 50%
> In images.internal.initSize (line 71)
  In imshow (line 328)
  In visualize_result (line 43)
  In parallel_function>make_general_channel/channel_general (line 914)
  In remoteParallelFunction (line 38)
Warning: Image is too big to fit on screen; displaying at 50%
> In images.internal.initSize (line 71)
  In imshow (line 328)
  In visualize_result (line 55)
  In parallel_function>make_general_channel/channel_general (line 914)
  In remoteParallelFunction (line 38)
Warning: Cannot set Renderer to OpenGL on this figure.
> In display_face (line 35)
proj dist = 0.017208
  In imshow (line 328)
  In visualize_result (line 43)
  In parallel_function>make_general_channel/channel_general (line 914)
  In remoteParallelFunction (line 38)
Warning: Image is too big to fit on screen; displaying at 50%
> In images.internal.initSize (line 71)
  In imshow (line 328)
  In visualize_result (line 55)
  In parallel_function>make_general_channel/channel_general (line 914)
  In remoteParallelFunction (line 38)
Warning: Cannot set Renderer to OpenGL on this figure.
> In display_face (line 35)
  In visualize_result (line 109)
  In parallel_function>make_general_channel/channel_general (line 914)
  In remoteParallelFunction (line 38)
Warning: Cannot set Renderer to OpenGL on this figure.
> In display_face (line 35)
  In visualize_result (line 122)
  In parallel_function>make_general_channel/channel_general (line 914)
  In remoteParallelFunction (line 38)
Warning: Cannot set Renderer to OpenGL on this figure.
> In display_face (line 35)
  In visualize_result (line 128)
  In parallel_function>make_general_channel/channel_general (line 914)
  In remoteParallelFunction (line 38)
Warning: Cannot set Renderer to OpenGL on this figure.
> In display_face (line 35)
  In imshow (line 328)
  In visualize_result (line 43)
  In parallel_function>make_general_channel/channel_general (line 914)
  In remoteParallelFunction (line 38)
Warning: Image is too big to fit on screen; displaying at 50%
> In images.internal.initSize (line 71)
proj dist = 0.012554
  In imshow (line 328)
  In visualize_result (line 55)
  In parallel_function>make_general_channel/channel_general (line 914)
  In remoteParallelFunction (line 38)
Warning: Cannot set Renderer to OpenGL on this figure.
> In display_face (line 35)
  In imshow (line 328)
  In visualize_result (line 55)
  In parallel_function>make_general_channel/channel_general (line 914)
  In remoteParallelFunction (line 38)
Warning: Cannot set Renderer to OpenGL on this figure.
> In display_face (line 35)
  In visualize_result (line 109)
  In parallel_function>make_general_channel/channel_general (line 914)
  In remoteParallelFunction (line 38)
Warning: Cannot set Renderer to OpenGL on this figure.
> In display_face (line 35)
  In visualize_result (line 135)
  In parallel_function>make_general_channel/channel_general (line 914)
  In remoteParallelFunction (line 38)
  In visualize_result (line 109)
  In parallel_function>make_general_channel/channel_general (line 914)
  In remoteParallelFunction (line 38)
Warning: Cannot set Renderer to OpenGL on this figure.
> In display_face (line 35)
  In visualize_result (line 122)
  In parallel_function>make_general_channel/channel_general (line 914)
  In remoteParallelFunction (line 38)
Warning: Cannot set Renderer to OpenGL on this figure.
> In display_face (line 35)
  In visualize_result (line 128)
  In parallel_function>make_general_channel/channel_general (line 914)
  In remoteParallelFunction (line 38)
Warning: Cannot set Renderer to OpenGL on this figure.
> In display_face (line 35)
  In visualize_result (line 109)
  In parallel_function>make_general_channel/channel_general (line 914)
  In remoteParallelFunction (line 38)
Warning: Cannot set Renderer to OpenGL on this figure.
> In display_face (line 35)
  In visualize_result (line 122)
  In parallel_function>make_general_channel/channel_general (line 914)
  In remoteParallelFunction (line 38)
Warning: Cannot set Renderer to OpenGL on this figure.
> In display_face (line 35)
  In visualize_result (line 128)
  In parallel_function>make_general_channel/channel_general (line 914)
  In remoteParallelFunction (line 38)
Warning: Cannot set Renderer to OpenGL on this figure.
> In display_face (line 35)
  In visualize_result (line 135)
  In parallel_function>make_general_channel/channel_general (line 914)
  In remoteParallelFunction (line 38)
Warning: Image is too big to fit on screen; displaying at 50%
> In images.internal.initSize (line 71)
Warning: Image is too big to fit on screen; displaying at 50%
> In images.internal.initSize (line 71)
proj dist = 0.015241
  In imshow (line 328)
  In visualize_result (line 43)
  In parallel_function>make_general_channel/channel_general (line 914)
  In remoteParallelFunction (line 38)
Warning: Image is too big to fit on screen; displaying at 50%
> In images.internal.initSize (line 71)
  In imshow (line 328)
  In visualize_result (line 43)
  In parallel_function>make_general_channel/channel_general (line 914)
  In remoteParallelFunction (line 38)
Warning: Image is too big to fit on screen; displaying at 50%
> In images.internal.initSize (line 71)
  In imshow (line 328)
  In visualize_result (line 55)
  In parallel_function>make_general_channel/channel_general (line 914)
  In remoteParallelFunction (line 38)
Warning: Cannot set Renderer to OpenGL on this figure.
> In display_face (line 35)
proj dist = 0.010552
  In visualize_result (line 109)
  In parallel_function>make_general_channel/channel_general (line 914)
  In remoteParallelFunction (line 38)
Warning: Cannot set Renderer to OpenGL on this figure.
> In display_face (line 35)
  In visualize_result (line 122)
  In parallel_function>make_general_channel/channel_general (line 914)
  In remoteParallelFunction (line 38)
Warning: Cannot set Renderer to OpenGL on this figure.
> In display_face (line 35)
proj dist = 0.0094762
  In imshow (line 328)
  In visualize_result (line 55)
  In parallel_function>make_general_channel/channel_general (line 914)
  In remoteParallelFunction (line 38)
Warning: Cannot set Renderer to OpenGL on this figure.
> In display_face (line 35)
proj dist = 0.010735
Warning: Image is too big to fit on screen; displaying at 50%
> In images.internal.initSize (line 71)
  In visualize_result (line 109)
  In parallel_function>make_general_channel/channel_general (line 914)
  In remoteParallelFunction (line 38)
Warning: Cannot set Renderer to OpenGL on this figure.
> In display_face (line 35)
  In visualize_result (line 122)
  In parallel_function>make_general_channel/channel_general (line 914)
  In remoteParallelFunction (line 38)
Warning: Cannot set Renderer to OpenGL on this figure.
> In display_face (line 35)
Warning: Image is too big to fit on screen; displaying at 33%
> In images.internal.initSize (line 71)
Warning: Image is too big to fit on screen; displaying at 50%
> In images.internal.initSize (line 71)
  In imshow (line 328)
  In visualize_result (line 43)
  In parallel_function>make_general_channel/channel_general (line 914)
  In remoteParallelFunction (line 38)
Warning: Image is too big to fit on screen; displaying at 50%
> In images.internal.initSize (line 71)
proj dist = 0.0098055
Warning: Image is too big to fit on screen; displaying at 50%
> In images.internal.initSize (line 71)
  In imshow (line 328)
  In visualize_result (line 43)
  In parallel_function>make_general_channel/channel_general (line 914)
  In remoteParallelFunction (line 38)
Warning: Image is too big to fit on screen; displaying at 33%
> In images.internal.initSize (line 71)
  In imshow (line 328)
  In visualize_result (line 43)
  In parallel_function>make_general_channel/channel_general (line 914)
  In remoteParallelFunction (line 38)
Warning: Image is too big to fit on screen; displaying at 50%
> In images.internal.initSize (line 71)
  In imshow (line 328)
  In visualize_result (line 55)
  In parallel_function>make_general_channel/channel_general (line 914)
  In remoteParallelFunction (line 38)
Warning: Cannot set Renderer to OpenGL on this figure.
> In display_face (line 35)
  In visualize_result (line 122)
  In parallel_function>make_general_channel/channel_general (line 914)
  In remoteParallelFunction (line 38)
Warning: Cannot set Renderer to OpenGL on this figure.
> In display_face (line 35)
  In visualize_result (line 128)
  In parallel_function>make_general_channel/channel_general (line 914)
  In remoteParallelFunction (line 38)
Warning: Cannot set Renderer to OpenGL on this figure.
> In display_face (line 35)
  In visualize_result (line 135)
  In parallel_function>make_general_channel/channel_general (line 914)
  In remoteParallelFunction (line 38)
proj dist = 0.010817
proj dist = 0.013766
  In imshow (line 328)
  In visualize_result (line 55)
  In parallel_function>make_general_channel/channel_general (line 914)
  In remoteParallelFunction (line 38)
Warning: Cannot set Renderer to OpenGL on this figure.
> In display_face (line 35)
  In imshow (line 328)
  In visualize_result (line 55)
  In parallel_function>make_general_channel/channel_general (line 914)
  In remoteParallelFunction (line 38)
Warning: Cannot set Renderer to OpenGL on this figure.
> In display_face (line 35)
  In visualize_result (line 109)
  In parallel_function>make_general_channel/channel_general (line 914)
  In remoteParallelFunction (line 38)
Warning: Cannot set Renderer to OpenGL on this figure.
> In display_face (line 35)
  In visualize_result (line 122)
  In parallel_function>make_general_channel/channel_general (line 914)
  In remoteParallelFunction (line 38)
Warning: Cannot set Renderer to OpenGL on this figure.
> In display_face (line 35)
proj dist = 0.0089762
  In imshow (line 328)
  In visualize_result (line 43)
  In parallel_function>make_general_channel/channel_general (line 914)
  In remoteParallelFunction (line 38)
Warning: Image is too big to fit on screen; displaying at 50%
> In images.internal.initSize (line 71)
  In imshow (line 328)
  In visualize_result (line 55)
  In parallel_function>make_general_channel/channel_general (line 914)
  In remoteParallelFunction (line 38)
Warning: Cannot set Renderer to OpenGL on this figure.
> In display_face (line 35)
Warning: Image is too big to fit on screen; displaying at 50%
> In images.internal.initSize (line 71)
  In imshow (line 328)
  In visualize_result (line 43)
  In parallel_function>make_general_channel/channel_general (line 914)
  In remoteParallelFunction (line 38)
Warning: Image is too big to fit on screen; displaying at 50%
> In images.internal.initSize (line 71)
  In imshow (line 328)
  In visualize_result (line 55)
  In parallel_function>make_general_channel/channel_general (line 914)
  In remoteParallelFunction (line 38)
Warning: Cannot set Renderer to OpenGL on this figure.
> In display_face (line 35)
proj dist = 0.0092513
  In visualize_result (line 109)
  In parallel_function>make_general_channel/channel_general (line 914)
  In remoteParallelFunction (line 38)
Warning: Cannot set Renderer to OpenGL on this figure.
> In display_face (line 35)
  In visualize_result (line 122)
  In parallel_function>make_general_channel/channel_general (line 914)
  In remoteParallelFunction (line 38)
Warning: Cannot set Renderer to OpenGL on this figure.
> In display_face (line 35)
  In visualize_result (line 128)
  In parallel_function>make_general_channel/channel_general (line 914)
  In remoteParallelFunction (line 38)
Warning: Cannot set Renderer to OpenGL on this figure.
> In display_face (line 35)
  In visualize_result (line 135)
  In parallel_function>make_general_channel/channel_general (line 914)
  In remoteParallelFunction (line 38)
Warning: Image is too big to fit on screen; displaying at 50%
> In images.internal.initSize (line 71)
Warning: Image is too big to fit on screen; displaying at 50%
> In images.internal.initSize (line 71)
proj dist = 0.013289
proj dist = 0.013135
Warning: Image is too big to fit on screen; displaying at 50%
> In images.internal.initSize (line 71)
proj dist = 0.009257
Warning: Image is too big to fit on screen; displaying at 50%
> In images.internal.initSize (line 71)
  In imshow (line 328)
  In visualize_result (line 43)
  In parallel_function>make_general_channel/channel_general (line 914)
  In remoteParallelFunction (line 38)
Warning: Image is too big to fit on screen; displaying at 50%
> In images.internal.initSize (line 71)
  In imshow (line 328)
  In visualize_result (line 55)
  In parallel_function>make_general_channel/channel_general (line 914)
  In remoteParallelFunction (line 38)
Warning: Cannot set Renderer to OpenGL on this figure.
> In display_face (line 35)
  In visualize_result (line 122)
  In parallel_function>make_general_channel/channel_general (line 914)
  In remoteParallelFunction (line 38)
Warning: Cannot set Renderer to OpenGL on this figure.
> In display_face (line 35)
  In visualize_result (line 128)
  In parallel_function>make_general_channel/channel_general (line 914)
  In remoteParallelFunction (line 38)
Warning: Cannot set Renderer to OpenGL on this figure.
> In display_face (line 35)
  In visualize_result (line 135)
  In parallel_function>make_general_channel/channel_general (line 914)
  In remoteParallelFunction (line 38)
  In imshow (line 328)
  In visualize_result (line 43)
  In parallel_function>make_general_channel/channel_general (line 914)
  In remoteParallelFunction (line 38)
Warning: Image is too big to fit on screen; displaying at 50%
> In images.internal.initSize (line 71)
  In imshow (line 328)
  In visualize_result (line 55)
  In parallel_function>make_general_channel/channel_general (line 914)
  In remoteParallelFunction (line 38)
Warning: Cannot set Renderer to OpenGL on this figure.
> In display_face (line 35)
Warning: Image is too big to fit on screen; displaying at 50%
> In images.internal.initSize (line 71)
  In visualize_result (line 135)
  In parallel_function>make_general_channel/channel_general (line 914)
  In remoteParallelFunction (line 38)
  In visualize_result (line 135)
  In parallel_function>make_general_channel/channel_general (line 914)
  In remoteParallelFunction (line 38)
  In imshow (line 328)
  In visualize_result (line 43)
  In parallel_function>make_general_channel/channel_general (line 914)
  In remoteParallelFunction (line 38)
Warning: Image is too big to fit on screen; displaying at 50%
> In images.internal.initSize (line 71)
  In imshow (line 328)
  In visualize_result (line 55)
  In parallel_function>make_general_channel/channel_general (line 914)
  In remoteParallelFunction (line 38)
Warning: Cannot set Renderer to OpenGL on this figure.
> In display_face (line 35)
Warning: Image is too big to fit on screen; displaying at 50%
> In images.internal.initSize (line 71)
  In imshow (line 328)
  In visualize_result (line 43)
  In parallel_function>make_general_channel/channel_general (line 914)
  In remoteParallelFunction (line 38)
Warning: Image is too big to fit on screen; displaying at 50%
> In images.internal.initSize (line 71)
  In imshow (line 328)
  In visualize_result (line 55)
  In parallel_function>make_general_channel/channel_general (line 914)
  In remoteParallelFunction (line 38)
Warning: Cannot set Renderer to OpenGL on this figure.
> In display_face (line 35)
Image: 42
proj dist = 0.011667
  In visualize_result (line 109)
  In parallel_function>make_general_channel/channel_general (line 914)
  In remoteParallelFunction (line 38)
Warning: Cannot set Renderer to OpenGL on this figure.
> In display_face (line 35)
  In visualize_result (line 122)
  In parallel_function>make_general_channel/channel_general (line 914)
  In remoteParallelFunction (line 38)
Warning: Cannot set Renderer to OpenGL on this figure.
> In display_face (line 35)
  In visualize_result (line 128)
  In parallel_function>make_general_channel/channel_general (line 914)
  In remoteParallelFunction (line 38)
Warning: Cannot set Renderer to OpenGL on this figure.
> In display_face (line 35)
Warning: Image is too big to fit on screen; displaying at 50%
> In images.internal.initSize (line 71)
  In imshow (line 328)
  In visualize_result (line 43)
  In parallel_function>make_general_channel/channel_general (line 914)
  In remoteParallelFunction (line 38)
Warning: Image is too big to fit on screen; displaying at 50%
> In images.internal.initSize (line 71)
  In imshow (line 328)
  In visualize_result (line 55)
  In parallel_function>make_general_channel/channel_general (line 914)
  In remoteParallelFunction (line 38)
Warning: Cannot set Renderer to OpenGL on this figure.
> In display_face (line 35)
Warning: Image is too big to fit on screen; displaying at 50%
> In images.internal.initSize (line 71)
  In imshow (line 328)
  In visualize_result (line 55)
  In parallel_function>make_general_channel/channel_general (line 914)
  In remoteParallelFunction (line 38)
Warning: Cannot set Renderer to OpenGL on this figure.
> In display_face (line 35)
  In visualize_result (line 109)
  In parallel_function>make_general_channel/channel_general (line 914)
  In remoteParallelFunction (line 38)
Warning: Cannot set Renderer to OpenGL on this figure.
> In display_face (line 35)
Image: 43
proj dist = 0.014374
  In imshow (line 328)
  In visualize_result (line 43)
  In parallel_function>make_general_channel/channel_general (line 914)
  In remoteParallelFunction (line 38)
Warning: Image is too big to fit on screen; displaying at 50%
> In images.internal.initSize (line 71)
  In imshow (line 328)
  In visualize_result (line 55)
  In parallel_function>make_general_channel/channel_general (line 914)
  In remoteParallelFunction (line 38)
Warning: Cannot set Renderer to OpenGL on this figure.
> In display_face (line 35)
  In imshow (line 328)
  In visualize_result (line 43)
  In parallel_function>make_general_channel/channel_general (line 914)
  In remoteParallelFunction (line 38)
Warning: Image is too big to fit on screen; displaying at 50%
> In images.internal.initSize (line 71)
  In imshow (line 328)
  In visualize_result (line 55)
  In parallel_function>make_general_channel/channel_general (line 914)
  In remoteParallelFunction (line 38)
Warning: Cannot set Renderer to OpenGL on this figure.
> In display_face (line 35)
  In visualize_result (line 109)
  In parallel_function>make_general_channel/channel_general (line 914)
  In remoteParallelFunction (line 38)
Warning: Cannot set Renderer to OpenGL on this figure.
> In display_face (line 35)
  In visualize_result (line 122)
  In parallel_function>make_general_channel/channel_general (line 914)
  In remoteParallelFunction (line 38)
Warning: Cannot set Renderer to OpenGL on this figure.
> In display_face (line 35)
  In visualize_result (line 128)
  In parallel_function>make_general_channel/channel_general (line 914)
  In remoteParallelFunction (line 38)
Warning: Cannot set Renderer to OpenGL on this figure.
> In display_face (line 35)
  In visualize_result (line 135)
  In parallel_function>make_general_channel/channel_general (line 914)
  In remoteParallelFunction (line 38)
proj dist = 0.01239
  In visualize_result (line 135)
  In parallel_function>make_general_channel/channel_general (line 914)
  In remoteParallelFunction (line 38)
  In visualize_result (line 135)
  In parallel_function>make_general_channel/channel_general (line 914)
  In remoteParallelFunction (line 38)
proj dist = 0.011141
Warning: Image is too big to fit on screen; displaying at 50%
> In images.internal.initSize (line 71)
proj dist = 0.012526
Warning: Image is too big to fit on screen; displaying at 50%
> In images.internal.initSize (line 71)
Warning: Image is too big to fit on screen; displaying at 50%
> In images.internal.initSize (line 71)
  In imshow (line 328)
  In visualize_result (line 43)
  In parallel_function>make_general_channel/channel_general (line 914)
  In remoteParallelFunction (line 38)
Warning: Image is too big to fit on screen; displaying at 50%
> In images.internal.initSize (line 71)
  In imshow (line 328)
  In visualize_result (line 55)
  In parallel_function>make_general_channel/channel_general (line 914)
  In remoteParallelFunction (line 38)
Warning: Cannot set Renderer to OpenGL on this figure.
> In display_face (line 35)
  In imshow (line 328)
  In visualize_result (line 43)
  In parallel_function>make_general_channel/channel_general (line 914)
  In remoteParallelFunction (line 38)
Warning: Image is too big to fit on screen; displaying at 50%
> In images.internal.initSize (line 71)
  In imshow (line 328)
  In visualize_result (line 55)
  In parallel_function>make_general_channel/channel_general (line 914)
  In remoteParallelFunction (line 38)
Warning: Cannot set Renderer to OpenGL on this figure.
> In display_face (line 35)
proj dist = 0.0090069
Warning: Image is too big to fit on screen; displaying at 50%
> In images.internal.initSize (line 71)
  In visualize_result (line 122)
  In parallel_function>make_general_channel/channel_general (line 914)
  In remoteParallelFunction (line 38)
Warning: Cannot set Renderer to OpenGL on this figure.
> In display_face (line 35)
  In visualize_result (line 128)
  In parallel_function>make_general_channel/channel_general (line 914)
  In remoteParallelFunction (line 38)
Warning: Cannot set Renderer to OpenGL on this figure.
> In display_face (line 35)
  In visualize_result (line 135)
  In parallel_function>make_general_channel/channel_general (line 914)
  In remoteParallelFunction (line 38)
  In imshow (line 328)
  In visualize_result (line 43)
  In parallel_function>make_general_channel/channel_general (line 914)
  In remoteParallelFunction (line 38)
Warning: Image is too big to fit on screen; displaying at 50%
> In images.internal.initSize (line 71)
  In imshow (line 328)
  In visualize_result (line 55)
  In parallel_function>make_general_channel/channel_general (line 914)
  In remoteParallelFunction (line 38)
Warning: Cannot set Renderer to OpenGL on this figure.
> In display_face (line 35)
  In visualize_result (line 135)
  In parallel_function>make_general_channel/channel_general (line 914)
  In remoteParallelFunction (line 38)
  In imshow (line 328)
  In visualize_result (line 43)
  In parallel_function>make_general_channel/channel_general (line 914)
  In remoteParallelFunction (line 38)
Warning: Image is too big to fit on screen; displaying at 50%
> In images.internal.initSize (line 71)
  In imshow (line 328)
  In visualize_result (line 55)
  In parallel_function>make_general_channel/channel_general (line 914)
  In remoteParallelFunction (line 38)
Warning: Cannot set Renderer to OpenGL on this figure.
> In display_face (line 35)
proj dist = 0.011325
  In visualize_result (line 128)
  In parallel_function>make_general_channel/channel_general (line 914)
  In remoteParallelFunction (line 38)
Warning: Cannot set Renderer to OpenGL on this figure.
> In display_face (line 35)
  In visualize_result (line 135)
  In parallel_function>make_general_channel/channel_general (line 914)
  In remoteParallelFunction (line 38)
Warning: Image is too big to fit on screen; displaying at 50%
> In images.internal.initSize (line 71)
Warning: Image is too big to fit on screen; displaying at 50%
> In images.internal.initSize (line 71)
proj dist = 0.011903
  In imshow (line 328)
  In visualize_result (line 43)
  In parallel_function>make_general_channel/channel_general (line 914)
  In remoteParallelFunction (line 38)
Warning: Image is too big to fit on screen; displaying at 50%
> In images.internal.initSize (line 71)
  In imshow (line 328)
  In visualize_result (line 55)
  In parallel_function>make_general_channel/channel_general (line 914)
  In remoteParallelFunction (line 38)
Warning: Cannot set Renderer to OpenGL on this figure.
> In display_face (line 35)
Image: 41
proj dist = 0.010873
Warning: Image is too big to fit on screen; displaying at 50%
> In images.internal.initSize (line 71)
  In visualize_result (line 128)
  In parallel_function>make_general_channel/channel_general (line 914)
  In remoteParallelFunction (line 38)
Warning: Cannot set Renderer to OpenGL on this figure.
> In display_face (line 35)
  In visualize_result (line 135)
  In parallel_function>make_general_channel/channel_general (line 914)
  In remoteParallelFunction (line 38)
Image: 45
proj dist = 0.014696
  In imshow (line 328)
  In visualize_result (line 43)
  In parallel_function>make_general_channel/channel_general (line 914)
  In remoteParallelFunction (line 38)
Warning: Image is too big to fit on screen; displaying at 50%
> In images.internal.initSize (line 71)
  In imshow (line 328)
  In visualize_result (line 55)
  In parallel_function>make_general_channel/channel_general (line 914)
  In remoteParallelFunction (line 38)
Warning: Cannot set Renderer to OpenGL on this figure.
> In display_face (line 35)
proj dist = 0.0092395
  In visualize_result (line 128)
  In parallel_function>make_general_channel/channel_general (line 914)
  In remoteParallelFunction (line 38)
Warning: Cannot set Renderer to OpenGL on this figure.
> In display_face (line 35)
  In visualize_result (line 135)
  In parallel_function>make_general_channel/channel_general (line 914)
  In remoteParallelFunction (line 38)
  In visualize_result (line 109)
  In parallel_function>make_general_channel/channel_general (line 914)
  In remoteParallelFunction (line 38)
Warning: Cannot set Renderer to OpenGL on this figure.
> In display_face (line 35)
  In visualize_result (line 122)
  In parallel_function>make_general_channel/channel_general (line 914)
  In remoteParallelFunction (line 38)
Warning: Cannot set Renderer to OpenGL on this figure.
> In display_face (line 35)
  In visualize_result (line 128)
  In parallel_function>make_general_channel/channel_general (line 914)
  In remoteParallelFunction (line 38)
Warning: Cannot set Renderer to OpenGL on this figure.
> In display_face (line 35)
  In visualize_result (line 135)
  In parallel_function>make_general_channel/channel_general (line 914)
  In remoteParallelFunction (line 38)
  In visualize_result (line 109)
  In parallel_function>make_general_channel/channel_general (line 914)
  In remoteParallelFunction (line 38)
Warning: Cannot set Renderer to OpenGL on this figure.
> In display_face (line 35)
  In visualize_result (line 122)
  In parallel_function>make_general_channel/channel_general (line 914)
  In remoteParallelFunction (line 38)
Warning: Cannot set Renderer to OpenGL on this figure.
> In display_face (line 35)
  In visualize_result (line 128)
  In parallel_function>make_general_channel/channel_general (line 914)
  In remoteParallelFunction (line 38)
Warning: Cannot set Renderer to OpenGL on this figure.
> In display_face (line 35)
  In visualize_result (line 135)
  In parallel_function>make_general_channel/channel_general (line 914)
  In remoteParallelFunction (line 38)
  In imshow (line 328)
  In visualize_result (line 43)
  In parallel_function>make_general_channel/channel_general (line 914)
  In remoteParallelFunction (line 38)
Warning: Image is too big to fit on screen; displaying at 50%
> In images.internal.initSize (line 71)
  In imshow (line 328)
  In visualize_result (line 55)
  In parallel_function>make_general_channel/channel_general (line 914)
  In remoteParallelFunction (line 38)
Warning: Cannot set Renderer to OpenGL on this figure.
> In display_face (line 35)
Warning: Image is too big to fit on screen; displaying at 50%
> In images.internal.initSize (line 71)
Image: 44
proj dist = 0.18107
Warning: Image is too big to fit on screen; displaying at 50%
> In images.internal.initSize (line 71)
  In visualize_result (line 109)
  In parallel_function>make_general_channel/channel_general (line 914)
  In remoteParallelFunction (line 38)
Warning: Cannot set Renderer to OpenGL on this figure.
> In display_face (line 35)
  In visualize_result (line 122)
  In parallel_function>make_general_channel/channel_general (line 914)
  In remoteParallelFunction (line 38)
Warning: Cannot set Renderer to OpenGL on this figure.
> In display_face (line 35)
  In visualize_result (line 128)
  In parallel_function>make_general_channel/channel_general (line 914)
  In remoteParallelFunction (line 38)
Warning: Cannot set Renderer to OpenGL on this figure.
> In display_face (line 35)
  In visualize_result (line 135)
  In parallel_function>make_general_channel/channel_general (line 914)
  In remoteParallelFunction (line 38)
  In imshow (line 328)
  In visualize_result (line 43)
  In parallel_function>make_general_channel/channel_general (line 914)
  In remoteParallelFunction (line 38)
Warning: Image is too big to fit on screen; displaying at 50%
> In images.internal.initSize (line 71)
  In imshow (line 328)
  In visualize_result (line 55)
  In parallel_function>make_general_channel/channel_general (line 914)
  In remoteParallelFunction (line 38)
Warning: Cannot set Renderer to OpenGL on this figure.
> In display_face (line 35)
  In visualize_result (line 109)
  In parallel_function>make_general_channel/channel_general (line 914)
  In remoteParallelFunction (line 38)
Warning: Cannot set Renderer to OpenGL on this figure.
> In display_face (line 35)
  In visualize_result (line 122)
  In parallel_function>make_general_channel/channel_general (line 914)
  In remoteParallelFunction (line 38)
Warning: Cannot set Renderer to OpenGL on this figure.
> In display_face (line 35)
  In visualize_result (line 128)
  In parallel_function>make_general_channel/channel_general (line 914)
  In remoteParallelFunction (line 38)
Warning: Cannot set Renderer to OpenGL on this figure.
> In display_face (line 35)
  In visualize_result (line 135)
  In parallel_function>make_general_channel/channel_general (line 914)
  In remoteParallelFunction (line 38)
Warning: Image is too big to fit on screen; displaying at 50%
> In images.internal.initSize (line 71)
  In visualize_result (line 122)
  In parallel_function>make_general_channel/channel_general (line 914)
  In remoteParallelFunction (line 38)
Warning: Cannot set Renderer to OpenGL on this figure.
> In display_face (line 35)
  In visualize_result (line 128)
  In parallel_function>make_general_channel/channel_general (line 914)
  In remoteParallelFunction (line 38)
Warning: Cannot set Renderer to OpenGL on this figure.
> In display_face (line 35)
  In visualize_result (line 135)
  In parallel_function>make_general_channel/channel_general (line 914)
  In remoteParallelFunction (line 38)
  In imshow (line 328)
  In visualize_result (line 43)
  In parallel_function>make_general_channel/channel_general (line 914)
  In remoteParallelFunction (line 38)
Warning: Image is too big to fit on screen; displaying at 50%
> In images.internal.initSize (line 71)
  In imshow (line 328)
  In visualize_result (line 55)
  In parallel_function>make_general_channel/channel_general (line 914)
  In remoteParallelFunction (line 38)
Warning: Cannot set Renderer to OpenGL on this figure.
> In display_face (line 35)
Image: 46
proj dist = 0.021901
Warning: Image is too big to fit on screen; displaying at 50%
> In images.internal.initSize (line 71)
  In imshow (line 328)
  In visualize_result (line 55)
  In parallel_function>make_general_channel/channel_general (line 914)
  In remoteParallelFunction (line 38)
Warning: Cannot set Renderer to OpenGL on this figure.
> In display_face (line 35)
  In visualize_result (line 109)
  In parallel_function>make_general_channel/channel_general (line 914)
  In remoteParallelFunction (line 38)
Warning: Cannot set Renderer to OpenGL on this figure.
> In display_face (line 35)
  In visualize_result (line 122)
  In parallel_function>make_general_channel/channel_general (line 914)
  In remoteParallelFunction (line 38)
Warning: Cannot set Renderer to OpenGL on this figure.
> In display_face (line 35)
  In visualize_result (line 128)
  In parallel_function>make_general_channel/channel_general (line 914)
  In remoteParallelFunction (line 38)
Warning: Cannot set Renderer to OpenGL on this figure.
> In display_face (line 35)
  In visualize_result (line 135)
  In parallel_function>make_general_channel/channel_general (line 914)
  In remoteParallelFunction (line 38)
Warning: Image is too big to fit on screen; displaying at 50%
> In images.internal.initSize (line 71)
  In imshow (line 328)
  In visualize_result (line 43)
  In parallel_function>make_general_channel/channel_general (line 914)
  In remoteParallelFunction (line 38)
Warning: Image is too big to fit on screen; displaying at 50%
> In images.internal.initSize (line 71)
  In imshow (line 328)
  In visualize_result (line 55)
  In parallel_function>make_general_channel/channel_general (line 914)
  In remoteParallelFunction (line 38)
Warning: Cannot set Renderer to OpenGL on this figure.
> In display_face (line 35)
  In visualize_result (line 109)
  In parallel_function>make_general_channel/channel_general (line 914)
  In remoteParallelFunction (line 38)
Warning: Cannot set Renderer to OpenGL on this figure.
> In display_face (line 35)
  In visualize_result (line 122)
  In parallel_function>make_general_channel/channel_general (line 914)
  In remoteParallelFunction (line 38)
Warning: Cannot set Renderer to OpenGL on this figure.
> In display_face (line 35)
  In visualize_result (line 128)
  In parallel_function>make_general_channel/channel_general (line 914)
  In remoteParallelFunction (line 38)
Warning: Cannot set Renderer to OpenGL on this figure.
> In display_face (line 35)
  In visualize_result (line 135)
  In parallel_function>make_general_channel/channel_general (line 914)
  In remoteParallelFunction (line 38)
  In visualize_result (line 109)
  In parallel_function>make_general_channel/channel_general (line 914)
  In remoteParallelFunction (line 38)
Warning: Cannot set Renderer to OpenGL on this figure.
> In display_face (line 35)
  In visualize_result (line 122)
  In parallel_function>make_general_channel/channel_general (line 914)
  In remoteParallelFunction (line 38)
Warning: Cannot set Renderer to OpenGL on this figure.
> In display_face (line 35)
  In visualize_result (line 128)
  In parallel_function>make_general_channel/channel_general (line 914)
  In remoteParallelFunction (line 38)
Warning: Cannot set Renderer to OpenGL on this figure.
> In display_face (line 35)
  In visualize_result (line 135)
  In parallel_function>make_general_channel/channel_general (line 914)
  In remoteParallelFunction (line 38)
  In imshow (line 328)
  In visualize_result (line 43)
  In parallel_function>make_general_channel/channel_general (line 914)
  In remoteParallelFunction (line 38)
Warning: Image is too big to fit on screen; displaying at 50%
> In images.internal.initSize (line 71)
  In imshow (line 328)
  In visualize_result (line 55)
  In parallel_function>make_general_channel/channel_general (line 914)
  In remoteParallelFunction (line 38)
Warning: Cannot set Renderer to OpenGL on this figure.
> In display_face (line 35)
  In visualize_result (line 135)
  In parallel_function>make_general_channel/channel_general (line 914)
  In remoteParallelFunction (line 38)
  In visualize_result (line 109)
  In parallel_function>make_general_channel/channel_general (line 914)
  In remoteParallelFunction (line 38)
Warning: Cannot set Renderer to OpenGL on this figure.
> In display_face (line 35)
  In visualize_result (line 122)
  In parallel_function>make_general_channel/channel_general (line 914)
  In remoteParallelFunction (line 38)
Warning: Cannot set Renderer to OpenGL on this figure.
> In display_face (line 35)
  In visualize_result (line 128)
  In parallel_function>make_general_channel/channel_general (line 914)
  In remoteParallelFunction (line 38)
Warning: Cannot set Renderer to OpenGL on this figure.
> In display_face (line 35)
  In visualize_result (line 135)
  In parallel_function>make_general_channel/channel_general (line 914)
  In remoteParallelFunction (line 38)
Image: 47
proj dist = 0.015667
  In visualize_result (line 109)
  In parallel_function>make_general_channel/channel_general (line 914)
  In remoteParallelFunction (line 38)
Warning: Cannot set Renderer to OpenGL on this figure.
> In display_face (line 35)
  In visualize_result (line 122)
  In parallel_function>make_general_channel/channel_general (line 914)
  In remoteParallelFunction (line 38)
Warning: Cannot set Renderer to OpenGL on this figure.
> In display_face (line 35)
  In visualize_result (line 128)
  In parallel_function>make_general_channel/channel_general (line 914)
  In remoteParallelFunction (line 38)
Warning: Cannot set Renderer to OpenGL on this figure.
> In display_face (line 35)
  In visualize_result (line 135)
  In parallel_function>make_general_channel/channel_general (line 914)
  In remoteParallelFunction (line 38)
  In visualize_result (line 109)
  In parallel_function>make_general_channel/channel_general (line 914)
  In remoteParallelFunction (line 38)
Warning: Cannot set Renderer to OpenGL on this figure.
> In display_face (line 35)
  In visualize_result (line 122)
  In parallel_function>make_general_channel/channel_general (line 914)
  In remoteParallelFunction (line 38)
Warning: Cannot set Renderer to OpenGL on this figure.
> In display_face (line 35)
  In visualize_result (line 128)
  In parallel_function>make_general_channel/channel_general (line 914)
  In remoteParallelFunction (line 38)
Warning: Cannot set Renderer to OpenGL on this figure.
> In display_face (line 35)
  In visualize_result (line 135)
  In parallel_function>make_general_channel/channel_general (line 914)
  In remoteParallelFunction (line 38)
  In visualize_result (line 109)
  In parallel_function>make_general_channel/channel_general (line 914)
  In remoteParallelFunction (line 38)
Warning: Cannot set Renderer to OpenGL on this figure.
> In display_face (line 35)
  In visualize_result (line 122)
  In parallel_function>make_general_channel/channel_general (line 914)
  In remoteParallelFunction (line 38)
Warning: Cannot set Renderer to OpenGL on this figure.
> In display_face (line 35)
  In visualize_result (line 128)
  In parallel_function>make_general_channel/channel_general (line 914)
  In remoteParallelFunction (line 38)
Warning: Cannot set Renderer to OpenGL on this figure.
> In display_face (line 35)
  In visualize_result (line 135)
  In parallel_function>make_general_channel/channel_general (line 914)
  In remoteParallelFunction (line 38)
  In visualize_result (line 109)
  In parallel_function>make_general_channel/channel_general (line 914)
  In remoteParallelFunction (line 38)
Warning: Cannot set Renderer to OpenGL on this figure.
> In display_face (line 35)
  In visualize_result (line 122)
  In parallel_function>make_general_channel/channel_general (line 914)
  In remoteParallelFunction (line 38)
Warning: Cannot set Renderer to OpenGL on this figure.
> In display_face (line 35)
  In visualize_result (line 128)
  In parallel_function>make_general_channel/channel_general (line 914)
  In remoteParallelFunction (line 38)
Warning: Cannot set Renderer to OpenGL on this figure.
> In display_face (line 35)
  In visualize_result (line 135)
  In parallel_function>make_general_channel/channel_general (line 914)
  In remoteParallelFunction (line 38)
Warning: Image is too big to fit on screen; displaying at 50%
> In images.internal.initSize (line 71)
  In imshow (line 328)
  In visualize_result (line 55)
  In parallel_function>make_general_channel/channel_general (line 914)
  In remoteParallelFunction (line 38)
Warning: Cannot set Renderer to OpenGL on this figure.
> In display_face (line 35)
  In visualize_result (line 109)
  In parallel_function>make_general_channel/channel_general (line 914)
  In remoteParallelFunction (line 38)
Warning: Cannot set Renderer to OpenGL on this figure.
> In display_face (line 35)
  In visualize_result (line 122)
  In parallel_function>make_general_channel/channel_general (line 914)
  In remoteParallelFunction (line 38)
Warning: Cannot set Renderer to OpenGL on this figure.
> In display_face (line 35)
  In visualize_result (line 128)
  In parallel_function>make_general_channel/channel_general (line 914)
  In remoteParallelFunction (line 38)
Warning: Cannot set Renderer to OpenGL on this figure.
> In display_face (line 35)
  In visualize_result (line 135)
  In parallel_function>make_general_channel/channel_general (line 914)
  In remoteParallelFunction (line 38)
  In visualize_result (line 109)
  In parallel_function>make_general_channel/channel_general (line 914)
  In remoteParallelFunction (line 38)
Warning: Cannot set Renderer to OpenGL on this figure.
> In display_face (line 35)
  In visualize_result (line 122)
  In parallel_function>make_general_channel/channel_general (line 914)
  In remoteParallelFunction (line 38)
Warning: Cannot set Renderer to OpenGL on this figure.
> In display_face (line 35)
  In visualize_result (line 128)
  In parallel_function>make_general_channel/channel_general (line 914)
  In remoteParallelFunction (line 38)
Warning: Cannot set Renderer to OpenGL on this figure.
> In display_face (line 35)
  In visualize_result (line 135)
  In parallel_function>make_general_channel/channel_general (line 914)
  In remoteParallelFunction (line 38)
  In visualize_result (line 109)
  In parallel_function>make_general_channel/channel_general (line 914)
  In remoteParallelFunction (line 38)
Warning: Cannot set Renderer to OpenGL on this figure.
> In display_face (line 35)
  In visualize_result (line 122)
  In parallel_function>make_general_channel/channel_general (line 914)
  In remoteParallelFunction (line 38)
Warning: Cannot set Renderer to OpenGL on this figure.
> In display_face (line 35)
  In visualize_result (line 128)
  In parallel_function>make_general_channel/channel_general (line 914)
  In remoteParallelFunction (line 38)
Warning: Cannot set Renderer to OpenGL on this figure.
> In display_face (line 35)
  In visualize_result (line 135)
  In parallel_function>make_general_channel/channel_general (line 914)
  In remoteParallelFunction (line 38)
  In visualize_result (line 109)
  In parallel_function>make_general_channel/channel_general (line 914)
  In remoteParallelFunction (line 38)
Warning: Cannot set Renderer to OpenGL on this figure.
> In display_face (line 35)
  In visualize_result (line 122)
  In parallel_function>make_general_channel/channel_general (line 914)
  In remoteParallelFunction (line 38)
Warning: Cannot set Renderer to OpenGL on this figure.
> In display_face (line 35)
  In visualize_result (line 128)
  In parallel_function>make_general_channel/channel_general (line 914)
  In remoteParallelFunction (line 38)
Warning: Cannot set Renderer to OpenGL on this figure.
> In display_face (line 35)
  In visualize_result (line 135)
  In parallel_function>make_general_channel/channel_general (line 914)
  In remoteParallelFunction (line 38)
Warning: Image is too big to fit on screen; displaying at 50%
> In images.internal.initSize (line 71)
  In imshow (line 328)
  In visualize_result (line 55)
  In parallel_function>make_general_channel/channel_general (line 914)
  In remoteParallelFunction (line 38)
Warning: Cannot set Renderer to OpenGL on this figure.
> In display_face (line 35)
  In visualize_result (line 109)
  In parallel_function>make_general_channel/channel_general (line 914)
  In remoteParallelFunction (line 38)
Warning: Cannot set Renderer to OpenGL on this figure.
> In display_face (line 35)
  In visualize_result (line 122)
  In parallel_function>make_general_channel/channel_general (line 914)
  In remoteParallelFunction (line 38)
Warning: Cannot set Renderer to OpenGL on this figure.
> In display_face (line 35)
  In visualize_result (line 128)
  In parallel_function>make_general_channel/channel_general (line 914)
  In remoteParallelFunction (line 38)
Warning: Cannot set Renderer to OpenGL on this figure.
> In display_face (line 35)
  In visualize_result (line 135)
  In parallel_function>make_general_channel/channel_general (line 914)
  In remoteParallelFunction (line 38)
Warning: Image is too big to fit on screen; displaying at 67%
> In images.internal.initSize (line 71)
  In imshow (line 328)
  In visualize_result (line 55)
  In parallel_function>make_general_channel/channel_general (line 914)
  In remoteParallelFunction (line 38)
Warning: Cannot set Renderer to OpenGL on this figure.
> In display_face (line 35)
  In visualize_result (line 109)
  In parallel_function>make_general_channel/channel_general (line 914)
  In remoteParallelFunction (line 38)
Warning: Cannot set Renderer to OpenGL on this figure.
> In display_face (line 35)
  In visualize_result (line 122)
  In parallel_function>make_general_channel/channel_general (line 914)
  In remoteParallelFunction (line 38)
Warning: Cannot set Renderer to OpenGL on this figure.
> In display_face (line 35)
  In visualize_result (line 128)
  In parallel_function>make_general_channel/channel_general (line 914)
  In remoteParallelFunction (line 38)
Warning: Cannot set Renderer to OpenGL on this figure.
> In display_face (line 35)
  In visualize_result (line 135)
  In parallel_function>make_general_channel/channel_general (line 914)
  In remoteParallelFunction (line 38)
  In visualize_result (line 109)
  In parallel_function>make_general_channel/channel_general (line 914)
  In remoteParallelFunction (line 38)
Warning: Cannot set Renderer to OpenGL on this figure.
> In display_face (line 35)
  In visualize_result (line 122)
  In parallel_function>make_general_channel/channel_general (line 914)
  In remoteParallelFunction (line 38)
Warning: Cannot set Renderer to OpenGL on this figure.
> In display_face (line 35)
  In visualize_result (line 128)
  In parallel_function>make_general_channel/channel_general (line 914)
  In remoteParallelFunction (line 38)
Warning: Cannot set Renderer to OpenGL on this figure.
> In display_face (line 35)
  In visualize_result (line 135)
  In parallel_function>make_general_channel/channel_general (line 914)
  In remoteParallelFunction (line 38)
  In visualize_result (line 109)
  In parallel_function>make_general_channel/channel_general (line 914)
  In remoteParallelFunction (line 38)
Warning: Cannot set Renderer to OpenGL on this figure.
> In display_face (line 35)
  In visualize_result (line 122)
  In parallel_function>make_general_channel/channel_general (line 914)
  In remoteParallelFunction (line 38)
Warning: Cannot set Renderer to OpenGL on this figure.
> In display_face (line 35)
  In visualize_result (line 128)
  In parallel_function>make_general_channel/channel_general (line 914)
  In remoteParallelFunction (line 38)
Warning: Cannot set Renderer to OpenGL on this figure.
> In display_face (line 35)
  In visualize_result (line 135)
  In parallel_function>make_general_channel/channel_general (line 914)
  In remoteParallelFunction (line 38)
  In visualize_result (line 109)
  In parallel_function>make_general_channel/channel_general (line 914)
  In remoteParallelFunction (line 38)
Warning: Cannot set Renderer to OpenGL on this figure.
> In display_face (line 35)
  In visualize_result (line 122)
  In parallel_function>make_general_channel/channel_general (line 914)
  In remoteParallelFunction (line 38)
Warning: Cannot set Renderer to OpenGL on this figure.
> In display_face (line 35)
  In visualize_result (line 128)
  In parallel_function>make_general_channel/channel_general (line 914)
  In remoteParallelFunction (line 38)
Warning: Cannot set Renderer to OpenGL on this figure.
> In display_face (line 35)
  In visualize_result (line 135)
  In parallel_function>make_general_channel/channel_general (line 914)
  In remoteParallelFunction (line 38)
Warning: Image is too big to fit on screen; displaying at 50%
> In images.internal.initSize (line 71)
  In imshow (line 328)
  In visualize_result (line 55)
  In parallel_function>make_general_channel/channel_general (line 914)
  In remoteParallelFunction (line 38)
Warning: Cannot set Renderer to OpenGL on this figure.
> In display_face (line 35)
  In visualize_result (line 109)
  In parallel_function>make_general_channel/channel_general (line 914)
  In remoteParallelFunction (line 38)
Warning: Cannot set Renderer to OpenGL on this figure.
> In display_face (line 35)
  In visualize_result (line 122)
  In parallel_function>make_general_channel/channel_general (line 914)
  In remoteParallelFunction (line 38)
Warning: Cannot set Renderer to OpenGL on this figure.
> In display_face (line 35)
  In visualize_result (line 128)
  In parallel_function>make_general_channel/channel_general (line 914)
  In remoteParallelFunction (line 38)
Warning: Cannot set Renderer to OpenGL on this figure.
> In display_face (line 35)
  In visualize_result (line 135)
  In parallel_function>make_general_channel/channel_general (line 914)
  In remoteParallelFunction (line 38)
  In visualize_result (line 109)
  In parallel_function>make_general_channel/channel_general (line 914)
  In remoteParallelFunction (line 38)
Warning: Cannot set Renderer to OpenGL on this figure.
> In display_face (line 35)
  In visualize_result (line 122)
  In parallel_function>make_general_channel/channel_general (line 914)
  In remoteParallelFunction (line 38)
Warning: Cannot set Renderer to OpenGL on this figure.
> In display_face (line 35)
  In visualize_result (line 128)
  In parallel_function>make_general_channel/channel_general (line 914)
  In remoteParallelFunction (line 38)
Warning: Cannot set Renderer to OpenGL on this figure.
> In display_face (line 35)
  In visualize_result (line 135)
  In parallel_function>make_general_channel/channel_general (line 914)
  In remoteParallelFunction (line 38)
  In visualize_result (line 109)
  In parallel_function>make_general_channel/channel_general (line 914)
  In remoteParallelFunction (line 38)
Warning: Cannot set Renderer to OpenGL on this figure.
> In display_face (line 35)
  In visualize_result (line 122)
  In parallel_function>make_general_channel/channel_general (line 914)
  In remoteParallelFunction (line 38)
Warning: Cannot set Renderer to OpenGL on this figure.
> In display_face (line 35)
  In visualize_result (line 128)
  In parallel_function>make_general_channel/channel_general (line 914)
  In remoteParallelFunction (line 38)
Warning: Cannot set Renderer to OpenGL on this figure.
> In display_face (line 35)
  In visualize_result (line 135)
  In parallel_function>make_general_channel/channel_general (line 914)
  In remoteParallelFunction (line 38)
  In visualize_result (line 109)
  In parallel_function>make_general_channel/channel_general (line 914)
  In remoteParallelFunction (line 38)
Warning: Cannot set Renderer to OpenGL on this figure.
> In display_face (line 35)
  In visualize_result (line 122)
  In parallel_function>make_general_channel/channel_general (line 914)
  In remoteParallelFunction (line 38)
Warning: Cannot set Renderer to OpenGL on this figure.
> In display_face (line 35)
  In visualize_result (line 128)
  In parallel_function>make_general_channel/channel_general (line 914)
  In remoteParallelFunction (line 38)
Warning: Cannot set Renderer to OpenGL on this figure.
> In display_face (line 35)
  In visualize_result (line 135)
  In parallel_function>make_general_channel/channel_general (line 914)
  In remoteParallelFunction (line 38)
Warning: Image is too big to fit on screen; displaying at 50%
> In images.internal.initSize (line 71)
  In imshow (line 328)
  In visualize_result (line 55)
  In parallel_function>make_general_channel/channel_general (line 914)
  In remoteParallelFunction (line 38)
Warning: Cannot set Renderer to OpenGL on this figure.
> In display_face (line 35)
  In visualize_result (line 109)
  In parallel_function>make_general_channel/channel_general (line 914)
  In remoteParallelFunction (line 38)
Warning: Cannot set Renderer to OpenGL on this figure.
> In display_face (line 35)
  In visualize_result (line 122)
  In parallel_function>make_general_channel/channel_general (line 914)
  In remoteParallelFunction (line 38)
Warning: Cannot set Renderer to OpenGL on this figure.
> In display_face (line 35)
  In visualize_result (line 128)
  In parallel_function>make_general_channel/channel_general (line 914)
  In remoteParallelFunction (line 38)
Warning: Cannot set Renderer to OpenGL on this figure.
> In display_face (line 35)
  In visualize_result (line 135)
  In parallel_function>make_general_channel/channel_general (line 914)
  In remoteParallelFunction (line 38)
  In visualize_result (line 109)
  In parallel_function>make_general_channel/channel_general (line 914)
  In remoteParallelFunction (line 38)
Warning: Cannot set Renderer to OpenGL on this figure.
> In display_face (line 35)
  In visualize_result (line 122)
  In parallel_function>make_general_channel/channel_general (line 914)
  In remoteParallelFunction (line 38)
Warning: Cannot set Renderer to OpenGL on this figure.
> In display_face (line 35)
  In visualize_result (line 128)
  In parallel_function>make_general_channel/channel_general (line 914)
  In remoteParallelFunction (line 38)
Warning: Cannot set Renderer to OpenGL on this figure.
> In display_face (line 35)
  In visualize_result (line 135)
  In parallel_function>make_general_channel/channel_general (line 914)
  In remoteParallelFunction (line 38)
Elapsed time is 114.464025 seconds.
pdc average: 0.016889
rmse1center average: 2.5474
rmse1whole average: 2.6863
rmse2center average: 2.6933
rmse2whole average: 4.3845
Euclidian Distance:3.4927
>> 